<?xml version="1.0" encoding="UTF-8"?>
<TestSessionContainer xmlns="http://www.codecover.org/xml/testsession-container" Date="1395248472196" TestSessionContainerId="af8cd4ec-1176-4194-99db-1105287151d8" version="1.0">
<SrcFileList>
<SrcFile Content="package org.adaptsuite.sorter;&#10;&#10;public class AdaptSuiteSorter {&#10;&#10;&#9;private boolean[] chosenTests;&#10;&#9;private Long[][] knaspackTabble;&#10;&#9;&#10;&#9;public boolean[]  FindTests (Long[] testTime, Long[] testFailure, int queueSize, Long maxTime) {&#10;&#9;&#9;&#10;&#9;&#9;&#10;&#9;&#9;chosenTests = new boolean[queueSize];&#10;&#9;&#9;knaspackTabble = new Long [queueSize + 1][maxTime.intValue() + 1];&#10;&#9;&#9;TestsValue(testTime, testFailure, queueSize, maxTime);&#10;&#9;&#9;ChooseTests(testTime, queueSize, maxTime);&#10;&#9;&#9;return chosenTests;&#10;&#9;&#9;&#10;&#9;}&#10;&#9;&#10;&#9;private void  TestsValue (Long[] testTime, Long[] testFailure, int queueSize, Long maxTime) {&#10;&#9;&#9;&#10;&#9;&#9;Long a, b;&#10;&#9;&#9;&#10;&#9;&#9;for (int time = 0; time &lt;= maxTime; time++) {&#10;&#9;&#9;&#9;knaspackTabble[0][time] = (Long)0L;&#10;&#9;&#9;&#9;&#10;&#9;&#9;&#9;for (int i = 1; i &lt;= queueSize; i++) {&#10;&#9;&#9;&#9;&#9;a = knaspackTabble[i-1][time];&#10;&#9;&#9;&#9;&#9;if (testTime[i-1].intValue() &gt; time)&#10;&#9;&#9;&#9;&#9;&#9;b = (Long)0L;&#10;&#9;&#9;&#9;&#9;else&#10;&#9;&#9;&#9;&#9;&#9;b = knaspackTabble[i-1][time - testTime[i-1].intValue()] + testFailure[i-1];&#10;&#9;&#9;&#9;&#9;&#10;&#9;&#9;&#9;&#9;knaspackTabble[i][time] = Max(a, b);&#10;&#9;&#9;&#9;}&#10;&#9;&#9;}&#10;&#9;}&#10;&#9;&#10;&#9;&#10;&#9;private void ChooseTests (Long[] testTime, int queueSize, Long maxTime) {&#10;&#9;&#9;&#10;&#9;&#9;Long time = maxTime;&#10;&#9;&#9;&#10;&#9;&#9;for (int i = queueSize; i &gt;= 1; i--)&#10;&#9;&#9;&#9;if(knaspackTabble[i][time.intValue()] == knaspackTabble[i-1][time.intValue()])&#10;&#9;&#9;&#9;&#9;chosenTests[i-1] = false;&#10;&#9;&#9;&#9;else {&#10;&#9;&#9;&#9;&#9;chosenTests[i-1] = true;&#10;&#9;&#9;&#9;&#9;time -= testTime[i-1];&#10;&#9;&#9;&#9;}&#10;&#9;}&#10;&#9;&#10;&#9;&#10;&#9;private Long Max (Long a, Long b) {&#10;&#9;&#9;&#10;&#9;&#9;return a.longValue() &gt;= b.longValue() ? a : b;&#10;&#9;}&#10;&#9;&#10;}&#10;" Filename="AdaptSuiteSorter.java" Intrnl_Id="1"/>
<SrcFile Content="package org.adaptsuite.sorter;&#10;&#10;import org.junit.Test;&#10;&#10;&#10;public class TestsSuiteSorter {&#10;&#9;@Test&#10;&#9;public void TestSorter() {&#10;&#9;&#9;&#10;&#9;&#9;Long[] time = {0L,0L,0L};&#10;&#9;&#9;Long[] failures = {0L,0L,0L};&#10;&#9;&#9;AdaptSuiteSorter test = new AdaptSuiteSorter();&#10;&#9;&#9;boolean[] result = test.FindTests(time, failures, 3, 5L);&#10;&#9;&#9;&#10;&#9;&#9;for(int i=0; i&lt;3; i++)&#10;&#9;&#9;&#9;System.out.print(result[i] + &quot; &quot;);&#10;&#9;&#9;System.out.println();&#10;&#9;}&#10;}&#10;" Filename="TestsSuiteSorter.java" Intrnl_Id="2"/>
</SrcFileList>
<CritList>
<CritListEntry Name="org.codecover.model.utils.criteria.LoopCoverage" PluginName="org.codecover"/>
<CritListEntry Name="org.codecover.model.utils.criteria.BranchCoverage" PluginName="org.codecover"/>
<CritListEntry Name="org.codecover.model.utils.criteria.ConditionCoverage" PluginName="org.codecover"/>
<CritListEntry Name="org.codecover.model.utils.criteria.SynchronizedStatementCoverage" PluginName="org.codecover"/>
<CritListEntry Name="org.codecover.model.utils.criteria.QMOCoverage" PluginName="org.codecover"/>
<CritListEntry Name="org.codecover.model.utils.criteria.StatementCoverage" PluginName="org.codecover"/>
</CritList>
<BoolOpList/>
<HierarchyLvlTypeList>
<HierarchyLvlType EnglishName="package" IntrnlName="package" Intrnl_Id="3"/>
<HierarchyLvlType EnglishName="class" IntrnlName="class" Intrnl_Id="4"/>
<HierarchyLvlType EnglishName="method" IntrnlName="method" Intrnl_Id="5"/>
<HierarchyLvlType EnglishName="default package" IntrnlName="default package" Intrnl_Id="6"/>
</HierarchyLvlTypeList>
<MASTRoot>
<HierarchyLvl HierarchyLvlId="33" HierarchyLvlTypeId="6" Intrnl_Id="7" Name="default package">
<Header/>
<LocList/>
<HierarchyLvl HierarchyLvlId="32" HierarchyLvlTypeId="3" Intrnl_Id="8" Name="org">
<Header/>
<LocList/>
<HierarchyLvl HierarchyLvlId="31" HierarchyLvlTypeId="3" Intrnl_Id="9" Name="adaptsuite">
<Header/>
<LocList/>
<HierarchyLvl HierarchyLvlId="30" HierarchyLvlTypeId="3" Intrnl_Id="10" Name="sorter">
<Header/>
<LocList/>
<HierarchyLvl HierarchyLvlId="27" HierarchyLvlTypeId="4" Intrnl_Id="11" Name="AdaptSuiteSorter">
<Header>
<Loc EndOffset="61" SrcFileId="1" StartOffset="32"/>
</Header>
<LocList>
<Loc EndOffset="1401" SrcFileId="1" StartOffset="32"/>
</LocList>
<HierarchyLvl HierarchyLvlId="23" HierarchyLvlTypeId="5" Intrnl_Id="12" Name="FindTests">
<Header>
<Loc EndOffset="228" SrcFileId="1" StartOffset="134"/>
</Header>
<LocList>
<Loc EndOffset="475" SrcFileId="1" StartOffset="134"/>
</LocList>
<StmntSeq Intrnl_Id="13">
<LocList>
<Loc EndOffset="276" SrcFileId="1" StartOffset="239"/>
<Loc EndOffset="345" SrcFileId="1" StartOffset="279"/>
<Loc EndOffset="402" SrcFileId="1" StartOffset="348"/>
<Loc EndOffset="447" SrcFileId="1" StartOffset="405"/>
<Loc EndOffset="469" SrcFileId="1" StartOffset="450"/>
</LocList>
<BasicStmnt CovItemId="S1" CovItemPrefix="org.adaptsuite.sorter.AdaptSuiteSorter.java" Intrnl_Id="14">
<LocList>
<Loc EndOffset="276" SrcFileId="1" StartOffset="239"/>
</LocList>
</BasicStmnt>
<BasicStmnt CovItemId="S2" CovItemPrefix="org.adaptsuite.sorter.AdaptSuiteSorter.java" Intrnl_Id="15">
<LocList>
<Loc EndOffset="345" SrcFileId="1" StartOffset="279"/>
</LocList>
</BasicStmnt>
<BasicStmnt CovItemId="S3" CovItemPrefix="org.adaptsuite.sorter.AdaptSuiteSorter.java" Intrnl_Id="16">
<LocList>
<Loc EndOffset="402" SrcFileId="1" StartOffset="348"/>
</LocList>
</BasicStmnt>
<BasicStmnt CovItemId="S4" CovItemPrefix="org.adaptsuite.sorter.AdaptSuiteSorter.java" Intrnl_Id="17">
<LocList>
<Loc EndOffset="447" SrcFileId="1" StartOffset="405"/>
</LocList>
</BasicStmnt>
<BasicStmnt CovItemId="S5" CovItemPrefix="org.adaptsuite.sorter.AdaptSuiteSorter.java" Intrnl_Id="18">
<LocList>
<Loc EndOffset="469" SrcFileId="1" StartOffset="450"/>
</LocList>
</BasicStmnt>
</StmntSeq>
</HierarchyLvl>
<HierarchyLvl HierarchyLvlId="24" HierarchyLvlTypeId="5" Intrnl_Id="19" Name="TestsValue">
<Header>
<Loc EndOffset="570" SrcFileId="1" StartOffset="479"/>
</Header>
<LocList>
<Loc EndOffset="968" SrcFileId="1" StartOffset="479"/>
</LocList>
<StmntSeq Intrnl_Id="20">
<LocList>
<Loc EndOffset="965" SrcFileId="1" StartOffset="594"/>
</LocList>
<LoopStmnt CovItemId="S6" CovItemPrefix="org.adaptsuite.sorter.AdaptSuiteSorter.java" Intrnl_Id="21" MltplExecId="L1-2" MltplExecPrefix="org.adaptsuite.sorter.AdaptSuiteSorter.java" NvrExecId="L1-0" NvrExecPrefix="org.adaptsuite.sorter.AdaptSuiteSorter.java" OnceExecutedId="L1-1" OnceExecutedPrefix="org.adaptsuite.sorter.AdaptSuiteSorter.java" OptBodyExec="true">
<StmntSeq Intrnl_Id="22">
<LocList>
<Loc EndOffset="678" SrcFileId="1" StartOffset="643"/>
<Loc EndOffset="961" SrcFileId="1" StartOffset="686"/>
</LocList>
<BasicStmnt CovItemId="S7" CovItemPrefix="org.adaptsuite.sorter.AdaptSuiteSorter.java" Intrnl_Id="23">
<LocList>
<Loc EndOffset="678" SrcFileId="1" StartOffset="643"/>
</LocList>
</BasicStmnt>
<LoopStmnt CovItemId="S8" CovItemPrefix="org.adaptsuite.sorter.AdaptSuiteSorter.java" Intrnl_Id="24" MltplExecId="L2-2" MltplExecPrefix="org.adaptsuite.sorter.AdaptSuiteSorter.java" NvrExecId="L2-0" NvrExecPrefix="org.adaptsuite.sorter.AdaptSuiteSorter.java" OnceExecutedId="L2-1" OnceExecutedPrefix="org.adaptsuite.sorter.AdaptSuiteSorter.java" OptBodyExec="true">
<StmntSeq Intrnl_Id="25">
<LocList>
<Loc EndOffset="759" SrcFileId="1" StartOffset="729"/>
<Loc EndOffset="910" SrcFileId="1" StartOffset="764"/>
<Loc EndOffset="956" SrcFileId="1" StartOffset="920"/>
</LocList>
<BasicStmnt CovItemId="S9" CovItemPrefix="org.adaptsuite.sorter.AdaptSuiteSorter.java" Intrnl_Id="26">
<LocList>
<Loc EndOffset="759" SrcFileId="1" StartOffset="729"/>
</LocList>
</BasicStmnt>
<CondStmnt CovItemId="S10" CovItemPrefix="org.adaptsuite.sorter.AdaptSuiteSorter.java" Intrnl_Id="27">
<Branch CovItemId="B1" CovItemPrefix="org.adaptsuite.sorter.AdaptSuiteSorter.java" Implct="false" Intrnl_Id="28">
<Cond/>
<LocList>
<Loc EndOffset="819" SrcFileId="1" StartOffset="806"/>
</LocList>
<StmntSeq Intrnl_Id="29">
<LocList>
<Loc EndOffset="819" SrcFileId="1" StartOffset="806"/>
</LocList>
<BasicStmnt CovItemId="S11" CovItemPrefix="org.adaptsuite.sorter.AdaptSuiteSorter.java" Intrnl_Id="30">
<LocList>
<Loc EndOffset="819" SrcFileId="1" StartOffset="806"/>
</LocList>
</BasicStmnt>
</StmntSeq>
</Branch>
<Branch CovItemId="B2" CovItemPrefix="org.adaptsuite.sorter.AdaptSuiteSorter.java" Implct="false" Intrnl_Id="31">
<Cond>
<Loc EndOffset="828" SrcFileId="1" StartOffset="824"/>
</Cond>
<LocList>
<Loc EndOffset="910" SrcFileId="1" StartOffset="834"/>
</LocList>
<StmntSeq Intrnl_Id="32">
<LocList>
<Loc EndOffset="910" SrcFileId="1" StartOffset="834"/>
</LocList>
<BasicStmnt CovItemId="S12" CovItemPrefix="org.adaptsuite.sorter.AdaptSuiteSorter.java" Intrnl_Id="33">
<LocList>
<Loc EndOffset="910" SrcFileId="1" StartOffset="834"/>
</LocList>
</BasicStmnt>
</StmntSeq>
</Branch>
<Keyword EndOffset="766" SrcFileId="1" StartOffset="764"/>
<LocList>
<Loc EndOffset="910" SrcFileId="1" StartOffset="764"/>
</LocList>
<RootTerm CovItemId="C3" CovItemPrefix="org.adaptsuite.sorter.AdaptSuiteSorter.java" Intrnl_Id="34">
<BasicBoolTerm Intrnl_Id="35">
<LocList>
<Loc EndOffset="799" SrcFileId="1" StartOffset="768"/>
</LocList>
</BasicBoolTerm>
</RootTerm>
</CondStmnt>
<BasicStmnt CovItemId="S13" CovItemPrefix="org.adaptsuite.sorter.AdaptSuiteSorter.java" Intrnl_Id="36">
<LocList>
<Loc EndOffset="956" SrcFileId="1" StartOffset="920"/>
</LocList>
</BasicStmnt>
</StmntSeq>
<Keyword EndOffset="689" SrcFileId="1" StartOffset="686"/>
<LocList>
<Loc EndOffset="961" SrcFileId="1" StartOffset="686"/>
</LocList>
<RootTerm CovItemId="C2" CovItemPrefix="org.adaptsuite.sorter.AdaptSuiteSorter.java" Intrnl_Id="37">
<BasicBoolTerm Intrnl_Id="38">
<LocList>
<Loc EndOffset="716" SrcFileId="1" StartOffset="702"/>
</LocList>
</BasicBoolTerm>
</RootTerm>
</LoopStmnt>
</StmntSeq>
<Keyword EndOffset="597" SrcFileId="1" StartOffset="594"/>
<LocList>
<Loc EndOffset="965" SrcFileId="1" StartOffset="594"/>
</LocList>
<RootTerm CovItemId="C1" CovItemPrefix="org.adaptsuite.sorter.AdaptSuiteSorter.java" Intrnl_Id="39">
<BasicBoolTerm Intrnl_Id="40">
<LocList>
<Loc EndOffset="628" SrcFileId="1" StartOffset="613"/>
</LocList>
</BasicBoolTerm>
</RootTerm>
</LoopStmnt>
</StmntSeq>
</HierarchyLvl>
<HierarchyLvl HierarchyLvlId="25" HierarchyLvlTypeId="5" Intrnl_Id="41" Name="ChooseTests">
<Header>
<Loc EndOffset="1045" SrcFileId="1" StartOffset="974"/>
</Header>
<LocList>
<Loc EndOffset="1301" SrcFileId="1" StartOffset="974"/>
</LocList>
<StmntSeq Intrnl_Id="42">
<LocList>
<Loc EndOffset="1073" SrcFileId="1" StartOffset="1053"/>
<Loc EndOffset="1298" SrcFileId="1" StartOffset="1079"/>
</LocList>
<BasicStmnt CovItemId="S14" CovItemPrefix="org.adaptsuite.sorter.AdaptSuiteSorter.java" Intrnl_Id="43">
<LocList>
<Loc EndOffset="1073" SrcFileId="1" StartOffset="1053"/>
</LocList>
</BasicStmnt>
<LoopStmnt CovItemId="S15" CovItemPrefix="org.adaptsuite.sorter.AdaptSuiteSorter.java" Intrnl_Id="44" MltplExecId="L3-2" MltplExecPrefix="org.adaptsuite.sorter.AdaptSuiteSorter.java" NvrExecId="L3-0" NvrExecPrefix="org.adaptsuite.sorter.AdaptSuiteSorter.java" OnceExecutedId="L3-1" OnceExecutedPrefix="org.adaptsuite.sorter.AdaptSuiteSorter.java" OptBodyExec="true">
<StmntSeq Intrnl_Id="45">
<LocList>
<Loc EndOffset="1298" SrcFileId="1" StartOffset="1119"/>
</LocList>
<CondStmnt CovItemId="S16" CovItemPrefix="org.adaptsuite.sorter.AdaptSuiteSorter.java" Intrnl_Id="46">
<Branch CovItemId="B3" CovItemPrefix="org.adaptsuite.sorter.AdaptSuiteSorter.java" Implct="false" Intrnl_Id="47">
<Cond/>
<LocList>
<Loc EndOffset="1227" SrcFileId="1" StartOffset="1202"/>
</LocList>
<StmntSeq Intrnl_Id="48">
<LocList>
<Loc EndOffset="1227" SrcFileId="1" StartOffset="1202"/>
</LocList>
<BasicStmnt CovItemId="S17" CovItemPrefix="org.adaptsuite.sorter.AdaptSuiteSorter.java" Intrnl_Id="49">
<LocList>
<Loc EndOffset="1227" SrcFileId="1" StartOffset="1202"/>
</LocList>
</BasicStmnt>
</StmntSeq>
</Branch>
<Branch CovItemId="B4" CovItemPrefix="org.adaptsuite.sorter.AdaptSuiteSorter.java" Implct="false" Intrnl_Id="50">
<Cond>
<Loc EndOffset="1235" SrcFileId="1" StartOffset="1231"/>
</Cond>
<LocList>
<Loc EndOffset="1298" SrcFileId="1" StartOffset="1236"/>
</LocList>
<StmntSeq Intrnl_Id="51">
<LocList>
<Loc EndOffset="1266" SrcFileId="1" StartOffset="1242"/>
<Loc EndOffset="1293" SrcFileId="1" StartOffset="1271"/>
</LocList>
<BasicStmnt CovItemId="S18" CovItemPrefix="org.adaptsuite.sorter.AdaptSuiteSorter.java" Intrnl_Id="52">
<LocList>
<Loc EndOffset="1266" SrcFileId="1" StartOffset="1242"/>
</LocList>
</BasicStmnt>
<BasicStmnt CovItemId="S19" CovItemPrefix="org.adaptsuite.sorter.AdaptSuiteSorter.java" Intrnl_Id="53">
<LocList>
<Loc EndOffset="1293" SrcFileId="1" StartOffset="1271"/>
</LocList>
</BasicStmnt>
</StmntSeq>
</Branch>
<Keyword EndOffset="1121" SrcFileId="1" StartOffset="1119"/>
<LocList>
<Loc EndOffset="1298" SrcFileId="1" StartOffset="1119"/>
</LocList>
<RootTerm CovItemId="C5" CovItemPrefix="org.adaptsuite.sorter.AdaptSuiteSorter.java" Intrnl_Id="54">
<BasicBoolTerm Intrnl_Id="55">
<LocList>
<Loc EndOffset="1196" SrcFileId="1" StartOffset="1122"/>
</LocList>
</BasicBoolTerm>
</RootTerm>
</CondStmnt>
</StmntSeq>
<Keyword EndOffset="1082" SrcFileId="1" StartOffset="1079"/>
<LocList>
<Loc EndOffset="1298" SrcFileId="1" StartOffset="1079"/>
</LocList>
<RootTerm CovItemId="C4" CovItemPrefix="org.adaptsuite.sorter.AdaptSuiteSorter.java" Intrnl_Id="56">
<BasicBoolTerm Intrnl_Id="57">
<LocList>
<Loc EndOffset="1109" SrcFileId="1" StartOffset="1103"/>
</LocList>
</BasicBoolTerm>
</RootTerm>
</LoopStmnt>
</StmntSeq>
</HierarchyLvl>
<HierarchyLvl HierarchyLvlId="26" HierarchyLvlTypeId="5" Intrnl_Id="58" Name="Max">
<Header>
<Loc EndOffset="1340" SrcFileId="1" StartOffset="1307"/>
</Header>
<LocList>
<Loc EndOffset="1397" SrcFileId="1" StartOffset="1307"/>
</LocList>
<StmntSeq Intrnl_Id="59">
<LocList>
<Loc EndOffset="1394" SrcFileId="1" StartOffset="1348"/>
</LocList>
<BasicStmnt CovItemId="S20" CovItemPrefix="org.adaptsuite.sorter.AdaptSuiteSorter.java" Intrnl_Id="60">
<LocList>
<Loc EndOffset="1394" SrcFileId="1" StartOffset="1348"/>
</LocList>
<QMO CovItemId="Q0" CovItemPrefix="org.adaptsuite.sorter.AdaptSuiteSorter.java" Intrnl_Id="61">
<LocList>
<Loc EndOffset="1385" SrcFileId="1" StartOffset="1355"/>
</LocList>
<QMO_E CovItemId="Q0-0" CovItemPrefix="org.adaptsuite.sorter.AdaptSuiteSorter.java" Intrnl_Id="62">
<LocList>
<Loc EndOffset="1389" SrcFileId="1" StartOffset="1388"/>
</LocList>
</QMO_E>
<QMO_E CovItemId="Q0-1" CovItemPrefix="org.adaptsuite.sorter.AdaptSuiteSorter.java" Intrnl_Id="63">
<LocList>
<Loc EndOffset="1393" SrcFileId="1" StartOffset="1392"/>
</LocList>
</QMO_E>
</QMO>
</BasicStmnt>
</StmntSeq>
</HierarchyLvl>
</HierarchyLvl>
<HierarchyLvl HierarchyLvlId="29" HierarchyLvlTypeId="4" Intrnl_Id="64" Name="TestsSuiteSorter">
<Header>
<Loc EndOffset="86" SrcFileId="2" StartOffset="57"/>
</Header>
<LocList>
<Loc EndOffset="391" SrcFileId="2" StartOffset="57"/>
</LocList>
<HierarchyLvl HierarchyLvlId="28" HierarchyLvlTypeId="5" Intrnl_Id="65" Name="TestSorter">
<Header>
<Loc EndOffset="121" SrcFileId="2" StartOffset="90"/>
</Header>
<LocList>
<Loc EndOffset="389" SrcFileId="2" StartOffset="90"/>
</LocList>
<StmntSeq Intrnl_Id="66">
<LocList>
<Loc EndOffset="154" SrcFileId="2" StartOffset="129"/>
<Loc EndOffset="186" SrcFileId="2" StartOffset="157"/>
<Loc EndOffset="236" SrcFileId="2" StartOffset="189"/>
<Loc EndOffset="296" SrcFileId="2" StartOffset="239"/>
<Loc EndOffset="362" SrcFileId="2" StartOffset="302"/>
<Loc EndOffset="386" SrcFileId="2" StartOffset="365"/>
</LocList>
<BasicStmnt CovItemId="S1" CovItemPrefix="org.adaptsuite.sorter.TestsSuiteSorter.java" Intrnl_Id="67">
<LocList>
<Loc EndOffset="154" SrcFileId="2" StartOffset="129"/>
</LocList>
</BasicStmnt>
<BasicStmnt CovItemId="S2" CovItemPrefix="org.adaptsuite.sorter.TestsSuiteSorter.java" Intrnl_Id="68">
<LocList>
<Loc EndOffset="186" SrcFileId="2" StartOffset="157"/>
</LocList>
</BasicStmnt>
<BasicStmnt CovItemId="S3" CovItemPrefix="org.adaptsuite.sorter.TestsSuiteSorter.java" Intrnl_Id="69">
<LocList>
<Loc EndOffset="236" SrcFileId="2" StartOffset="189"/>
</LocList>
</BasicStmnt>
<BasicStmnt CovItemId="S4" CovItemPrefix="org.adaptsuite.sorter.TestsSuiteSorter.java" Intrnl_Id="70">
<LocList>
<Loc EndOffset="296" SrcFileId="2" StartOffset="239"/>
</LocList>
</BasicStmnt>
<LoopStmnt CovItemId="S5" CovItemPrefix="org.adaptsuite.sorter.TestsSuiteSorter.java" Intrnl_Id="71" MltplExecId="L1-2" MltplExecPrefix="org.adaptsuite.sorter.TestsSuiteSorter.java" NvrExecId="L1-0" NvrExecPrefix="org.adaptsuite.sorter.TestsSuiteSorter.java" OnceExecutedId="L1-1" OnceExecutedPrefix="org.adaptsuite.sorter.TestsSuiteSorter.java" OptBodyExec="true">
<StmntSeq Intrnl_Id="72">
<LocList>
<Loc EndOffset="362" SrcFileId="2" StartOffset="328"/>
</LocList>
<BasicStmnt CovItemId="S6" CovItemPrefix="org.adaptsuite.sorter.TestsSuiteSorter.java" Intrnl_Id="73">
<LocList>
<Loc EndOffset="362" SrcFileId="2" StartOffset="328"/>
</LocList>
</BasicStmnt>
</StmntSeq>
<Keyword EndOffset="305" SrcFileId="2" StartOffset="302"/>
<LocList>
<Loc EndOffset="362" SrcFileId="2" StartOffset="302"/>
</LocList>
<RootTerm CovItemId="C1" CovItemPrefix="org.adaptsuite.sorter.TestsSuiteSorter.java" Intrnl_Id="74">
<BasicBoolTerm Intrnl_Id="75">
<LocList>
<Loc EndOffset="318" SrcFileId="2" StartOffset="315"/>
</LocList>
</BasicBoolTerm>
</RootTerm>
</LoopStmnt>
<BasicStmnt CovItemId="S7" CovItemPrefix="org.adaptsuite.sorter.TestsSuiteSorter.java" Intrnl_Id="76">
<LocList>
<Loc EndOffset="386" SrcFileId="2" StartOffset="365"/>
</LocList>
</BasicStmnt>
</StmntSeq>
</HierarchyLvl>
</HierarchyLvl>
</HierarchyLvl>
</HierarchyLvl>
</HierarchyLvl>
</HierarchyLvl>
</MASTRoot>
</TestSessionContainer>
